{
  "RSpec": {
    "coverage": {
      "/Users/selenahawamdeh/Desktop/mod3/sweater_weather/app/facades/forecast_facade.rb": {
        "lines": [
          1,
          1,
          4,
          3,
          3,
          null,
          null,
          3,
          null,
          null,
          null,
          null,
          3,
          null,
          null,
          1,
          null,
          1,
          null,
          3,
          null,
          null,
          null,
          null,
          null,
          null,
          null,
          null,
          null,
          null,
          1,
          3,
          null,
          15,
          null,
          null,
          null,
          null,
          null,
          null,
          null,
          null,
          null,
          null,
          1,
          3,
          null,
          72,
          null,
          null,
          null,
          null,
          null,
          null,
          null,
          null
        ]
      },
      "/Users/selenahawamdeh/Desktop/mod3/sweater_weather/spec/facades/road_trip_facade_spec.rb": {
        "lines": [
          1,
          null,
          1,
          1,
          1,
          1,
          1,
          1,
          1,
          null,
          1,
          null,
          null,
          null,
          null,
          1,
          1,
          1,
          1,
          1,
          1,
          1,
          null,
          null,
          null,
          1,
          null,
          1,
          1,
          null,
          null,
          null,
          null,
          null,
          null,
          1,
          1,
          1,
          1,
          1,
          null,
          1,
          null,
          1,
          null,
          1,
          1,
          1,
          null,
          null,
          null,
          null
        ]
      },
      "/Users/selenahawamdeh/Desktop/mod3/sweater_weather/app/facades/road_trip_facade.rb": {
        "lines": [
          1,
          1,
          2,
          2,
          1,
          null,
          1,
          null,
          2,
          1,
          null,
          1,
          1,
          null,
          1,
          null,
          null,
          null,
          null,
          2,
          null,
          null
        ]
      },
      "/Users/selenahawamdeh/Desktop/mod3/sweater_weather/spec/models/user_spec.rb": {
        "lines": [
          null,
          1,
          null,
          1,
          1,
          2,
          2,
          2,
          null,
          null,
          1,
          1,
          1,
          1,
          null,
          null,
          null,
          1,
          1,
          1,
          1,
          1,
          null,
          null,
          1,
          1,
          1,
          1,
          null,
          null,
          null
        ]
      },
      "/Users/selenahawamdeh/Desktop/mod3/sweater_weather/app/models/user.rb": {
        "lines": [
          1,
          1,
          1,
          1,
          null,
          1,
          null,
          1,
          5,
          null,
          null
        ]
      },
      "/Users/selenahawamdeh/Desktop/mod3/sweater_weather/app/models/application_record.rb": {
        "lines": [
          1,
          1,
          null
        ]
      },
      "/Users/selenahawamdeh/Desktop/mod3/sweater_weather/spec/poros/forecast_spec.rb": {
        "lines": [
          1,
          null,
          1,
          1,
          1,
          null,
          1,
          null,
          null,
          null,
          null,
          null,
          null,
          null,
          null,
          null,
          null,
          null,
          null,
          null,
          null,
          null,
          null,
          null,
          1,
          null,
          1,
          1,
          null,
          null,
          null,
          null,
          null,
          null,
          null,
          null,
          1,
          null,
          null,
          1,
          null,
          null,
          null,
          null,
          null
        ]
      },
      "/Users/selenahawamdeh/Desktop/mod3/sweater_weather/app/poros/forecast.rb": {
        "lines": [
          1,
          1,
          1,
          4,
          4,
          4,
          4,
          null,
          null
        ]
      },
      "/Users/selenahawamdeh/Desktop/mod3/sweater_weather/spec/poros/road_trip_spec.rb": {
        "lines": [
          1,
          null,
          1,
          1,
          1,
          1,
          1,
          null,
          1,
          null,
          null,
          null,
          null,
          null,
          null,
          1,
          1,
          1,
          1,
          0,
          null,
          null,
          null
        ]
      },
      "/Users/selenahawamdeh/Desktop/mod3/sweater_weather/app/poros/road_trip.rb": {
        "lines": [
          1,
          1,
          null,
          1,
          3,
          3,
          3,
          null,
          null,
          3,
          1,
          null,
          2,
          null,
          null,
          null,
          3,
          3,
          null,
          null,
          1,
          null,
          1,
          1,
          1,
          null,
          null
        ]
      },
      "/Users/selenahawamdeh/Desktop/mod3/sweater_weather/spec/requests/api/v0/forecast_spec.rb": {
        "lines": [
          null,
          null,
          1,
          null,
          1,
          1,
          1,
          2,
          2,
          null,
          2,
          null,
          null,
          1,
          1,
          1,
          1,
          1,
          1,
          null,
          null,
          1,
          1,
          1,
          null,
          1,
          1,
          1,
          null,
          1,
          1,
          null,
          1,
          1,
          null,
          null,
          null
        ]
      },
      "/Users/selenahawamdeh/Desktop/mod3/sweater_weather/spec/requests/api/v0/sessions_spec.rb": {
        "lines": [
          1,
          null,
          null,
          1,
          1,
          1,
          1,
          null,
          1,
          null,
          null,
          null,
          null,
          1,
          1,
          null,
          1,
          1,
          1,
          1,
          1,
          1,
          1,
          1,
          null,
          null,
          1,
          1,
          null,
          1,
          null,
          null,
          null,
          null,
          1,
          1,
          null,
          1,
          1,
          null,
          null,
          null
        ]
      },
      "/Users/selenahawamdeh/Desktop/mod3/sweater_weather/spec/requests/api/v0/users_spec.rb": {
        "lines": [
          1,
          null,
          1,
          1,
          1,
          1,
          1,
          null,
          null,
          null,
          null,
          null,
          1,
          null,
          1,
          null,
          1,
          null,
          null,
          1,
          1,
          1,
          null,
          null,
          null,
          null,
          null,
          null,
          null,
          null,
          1,
          null,
          1,
          1,
          1,
          null,
          null,
          null
        ]
      },
      "/Users/selenahawamdeh/Desktop/mod3/sweater_weather/spec/services/location_service_spec.rb": {
        "lines": [
          1,
          null,
          1,
          1,
          1,
          1,
          null,
          1,
          null,
          null,
          null,
          null,
          null,
          null,
          1,
          null,
          null,
          null,
          1,
          null,
          1,
          1,
          null,
          null,
          null,
          null,
          1,
          1,
          null,
          1,
          null,
          null,
          1,
          null,
          1,
          null,
          1,
          null,
          null,
          1,
          null,
          1,
          null,
          null,
          1,
          null,
          1,
          null,
          1,
          null,
          null,
          null
        ]
      },
      "/Users/selenahawamdeh/Desktop/mod3/sweater_weather/app/services/location_service.rb": {
        "lines": [
          1,
          1,
          5,
          5,
          null,
          null,
          null,
          1,
          5,
          4,
          null,
          null,
          1,
          5,
          4,
          null,
          null,
          1,
          2,
          2,
          2,
          null,
          null,
          1,
          null,
          null,
          null,
          null,
          null
        ]
      },
      "/Users/selenahawamdeh/Desktop/mod3/sweater_weather/spec/services/weather_service_spec.rb": {
        "lines": [
          1,
          null,
          1,
          1,
          2,
          null,
          1,
          1,
          null,
          1,
          null,
          null,
          null,
          null,
          null,
          null,
          null,
          1,
          1,
          1,
          1,
          1,
          null,
          null,
          null,
          null,
          1,
          1,
          null,
          1,
          null,
          null,
          null,
          null,
          null,
          1,
          null,
          1,
          1,
          null,
          1,
          null,
          1,
          1,
          1,
          null,
          null,
          null
        ]
      },
      "/Users/selenahawamdeh/Desktop/mod3/sweater_weather/app/services/weather_service.rb": {
        "lines": [
          1,
          1,
          4,
          4,
          null,
          null,
          null,
          1,
          4,
          null,
          4,
          null,
          null,
          1,
          4,
          null,
          null,
          4,
          null,
          null,
          null,
          null,
          1,
          1,
          null,
          1,
          null,
          null,
          null,
          null,
          null
        ]
      },
      "/Users/selenahawamdeh/Desktop/mod3/sweater_weather/app/controllers/api/v0/forecast_controller.rb": {
        "lines": [
          1,
          1,
          2,
          2,
          null,
          null
        ]
      },
      "/Users/selenahawamdeh/Desktop/mod3/sweater_weather/app/controllers/application_controller.rb": {
        "lines": [
          1,
          null
        ]
      },
      "/Users/selenahawamdeh/Desktop/mod3/sweater_weather/app/serializers/forecast_serializer.rb": {
        "lines": [
          1,
          1,
          null,
          1,
          1,
          1,
          null,
          null
        ]
      },
      "/Users/selenahawamdeh/Desktop/mod3/sweater_weather/app/controllers/api/v0/sessions_controller.rb": {
        "lines": [
          1,
          1,
          null,
          2,
          null,
          2,
          1,
          null,
          1,
          null,
          null,
          null,
          null
        ]
      },
      "/Users/selenahawamdeh/Desktop/mod3/sweater_weather/app/serializers/user_serializer.rb": {
        "lines": [
          1,
          1,
          1,
          null,
          1,
          1,
          null
        ]
      },
      "/Users/selenahawamdeh/Desktop/mod3/sweater_weather/app/controllers/api/v0/users_controller.rb": {
        "lines": [
          1,
          1,
          2,
          2,
          1,
          null,
          1,
          null,
          null,
          null,
          1,
          1,
          2,
          null,
          null
        ]
      }
    },
    "timestamp": 1713947357
  }
}
